<?xml version="1.0" encoding="UTF-8"?>
<testsuite name="com.example.project.TipCalculatorTest" tests="3" skipped="0" failures="0" errors="0" timestamp="2024-09-19T15:53:16" hostname="codespaces-1f121a" time="0.129">
  <properties/>
  <testcase name="testCalculateTip2()" classname="com.example.project.TipCalculatorTest" time="0.101"/>
  <testcase name="testCalculateTip3()" classname="com.example.project.TipCalculatorTest" time="0.008"/>
  <testcase name="testCalculateTip()" classname="com.example.project.TipCalculatorTest" time="0.003"/>
  <system-out><![CDATA[]]></system-out>
  <system-err><![CDATA[]]></system-err>
</testsuite>
